<?xml version="1.0" encoding="UTF-8"?>
<!-- Generated by org.testng.reporters.JUnitReportReporter -->
<testsuite hostname="DESKTOP-GJ1V17D" failures="0" tests="2" name="Academy.HomePage" time="14.807" errors="0" timestamp="2020-07-22T12:23:29 IST" skipped="0">
  <testcase classname="Academy.HomePage" name="basePageInitialize" time="11.246"/>
  <system-out/>
  <testcase classname="Academy.HomePage" name="basePageInitialize" time="3.561"/>
  <system-out/>
</testsuite> <!-- Academy.HomePage -->
