<?xml version="1.0" encoding="UTF-8"?>
<!-- Generated by org.testng.reporters.JUnitReportReporter -->
<testsuite hostname="DESKTOP-GJ1V17D" failures="0" tests="2" name="Academy.HomePage" time="16.876" errors="0" timestamp="2020-07-19T19:04:21 IST" skipped="0">
  <testcase classname="Academy.HomePage" name="basePageInitialize" time="11.317"/>
  <system-out/>
  <testcase classname="Academy.HomePage" name="basePageInitialize" time="5.559"/>
  <system-out/>
</testsuite> <!-- Academy.HomePage -->
